#
# There is insufficient memory for the Java Runtime Environment to continue.
# Native memory allocation (malloc) failed to allocate 1048576 bytes for AllocateHeap
# Possible reasons:
#   The system is out of physical RAM or swap space
#   In 32 bit mode, the process size limit was hit
# Possible solutions:
#   Reduce memory load on the system
#   Increase physical memory or swap space
#   Check if swap backing store is full
#   Use 64 bit Java on a 64 bit OS
#   Decrease Java heap size (-Xmx/-Xms)
#   Decrease number of Java threads
#   Decrease Java thread stack sizes (-Xss)
#   Set larger code cache with -XX:ReservedCodeCacheSize=
# This output file may be truncated or incomplete.
#
#  Out of Memory Error (memory/allocation.inline.hpp:61), pid=4068, tid=0x0000000000001e38
#
# JRE version:  (8.0_101-b13) (build )
# Java VM: Java HotSpot(TM) 64-Bit Server VM (25.101-b13 mixed mode windows-amd64 compressed oops)
# Failed to write core dump. Minidumps are not enabled by default on client versions of Windows
#

---------------  T H R E A D  ---------------

Current thread (0x00000000028b0800):  JavaThread "Unknown thread" [_thread_in_vm, id=7736, stack(0x00000000026b0000,0x00000000027b0000)]

Stack: [0x00000000026b0000,0x00000000027b0000]
[error occurred during error reporting (printing stack bounds), id 0xc0000005]

Native frames: (J=compiled Java code, j=interpreted, Vv=VM code, C=native code)


---------------  P R O C E S S  ---------------

Java Threads: ( => current thread )

Other Threads:

=>0x00000000028b0800 (exited) JavaThread "Unknown thread" [_thread_in_vm, id=7736, stack(0x00000000026b0000,0x00000000027b0000)]

VM state:not at safepoint (normal execution)

VM Mutex/Monitor currently owned by a thread: None

Heap:
 PSYoungGen      total 35840K, used 614K [0x0000000595580000, 0x0000000597d80000, 0x00000007c0000000)
  eden space 30720K, 2% used [0x0000000595580000,0x00000005956199a8,0x0000000597380000)
  from space 5120K, 0% used [0x0000000597880000,0x0000000597880000,0x0000000597d80000)
  to   space 5120K, 0% used [0x0000000597380000,0x0000000597380000,0x0000000597880000)
 ParOldGen       total 81920K, used 0K [0x0000000140000000, 0x0000000145000000, 0x0000000595580000)
  object space 81920K, 0% used [0x0000000140000000,0x0000000140000000,0x0000000145000000)
 Metaspace       used 769K, capacity 4480K, committed 4480K, reserved 1056768K
  class space    used 75K, capacity 384K, committed 384K, reserved 1048576K

Card table byte_map: [0x0000000011d70000,0x0000000015180000] byte_map_base: 0x0000000011370000

Marking Bits: (ParMarkBitMap*) 0x0000000073c2a6d0
 Begin Bits: [0x0000000017830000, 0x0000000031830000)
 End Bits:   [0x0000000031830000, 0x000000004b830000)

Polling page: 0x0000000000d20000

CodeCache: size=245760Kb used=327Kb max_used=327Kb free=245432Kb
 bounds [0x00000000029b0000, 0x0000000002c20000, 0x00000000119b0000]
 total_blobs=57 nmethods=0 adapters=38
 compilation: enabled

Compilation events (0 events):
No events

GC Heap History (0 events):
No events

Deoptimization events (0 events):
No events

Internal exceptions (0 events):
No events

Events (10 events):
Event: 0.064 loading class java/lang/Short
Event: 0.065 loading class java/lang/Short done
Event: 0.065 loading class java/lang/Integer
Event: 0.065 loading class java/lang/Integer done
Event: 0.065 loading class java/lang/Long
Event: 0.065 loading class java/lang/Long done
Event: 0.066 loading class java/lang/NullPointerException
Event: 0.066 loading class java/lang/NullPointerException done
Event: 0.066 loading class java/lang/ArithmeticException
Event: 0.066 loading class java/lang/ArithmeticException done


Dynamic libraries:
0x00007ff68c7f0000 - 0x00007ff68c827000 	C:\Program Files\Java\jdk1.8.0_101\bin\java.exe
0x00007ffaf27d0000 - 0x00007ffaf297d000 	C:\windows\SYSTEM32\ntdll.dll
0x00007ffaefeb0000 - 0x00007ffaeffee000 	C:\windows\system32\KERNEL32.DLL
0x00007ffaefb20000 - 0x00007ffaefc35000 	C:\windows\system32\KERNELBASE.dll
0x00007ffaee070000 - 0x00007ffaee0fe000 	C:\windows\system32\apphelp.dll
0x00007ffae7bd0000 - 0x00007ffae7c23000 	C:\windows\AppPatch\AppPatch64\AcGenral.DLL
0x00007ffaf2410000 - 0x00007ffaf24ba000 	C:\windows\system32\msvcrt.dll
0x00007ffaefc40000 - 0x00007ffaefc6e000 	C:\windows\system32\SspiCli.dll
0x00007ffaf0240000 - 0x00007ffaf0294000 	C:\windows\system32\SHLWAPI.dll
0x00007ffaefff0000 - 0x00007ffaf0167000 	C:\windows\system32\USER32.dll
0x00007ffaf1e80000 - 0x00007ffaf2014000 	C:\windows\system32\ole32.dll
0x00007ffaf0720000 - 0x00007ffaf1c48000 	C:\windows\system32\SHELL32.dll
0x00007ffaeeac0000 - 0x00007ffaeeae1000 	C:\windows\SYSTEM32\USERENV.dll
0x00007ffaf0450000 - 0x00007ffaf04fa000 	C:\windows\system32\ADVAPI32.dll
0x00007ffade760000 - 0x00007ffade77e000 	C:\windows\SYSTEM32\MPR.dll
0x00007ffaf24c0000 - 0x00007ffaf2600000 	C:\windows\system32\RPCRT4.dll
0x00007ffaf2600000 - 0x00007ffaf2659000 	C:\windows\SYSTEM32\sechost.dll
0x00007ffaf0500000 - 0x00007ffaf0711000 	C:\windows\SYSTEM32\combase.dll
0x00007ffaf20e0000 - 0x00007ffaf222f000 	C:\windows\system32\GDI32.dll
0x00007ffaef8f0000 - 0x00007ffaef905000 	C:\windows\SYSTEM32\profapi.dll
0x00007ffaeef80000 - 0x00007ffaef032000 	C:\windows\SYSTEM32\SHCORE.dll
0x00007ffaf20a0000 - 0x00007ffaf20d6000 	C:\windows\system32\IMM32.DLL
0x00007ffaf2660000 - 0x00007ffaf27b2000 	C:\windows\system32\MSCTF.dll
0x00007ffaef3b0000 - 0x00007ffaef62b000 	C:\windows\WinSxS\amd64_microsoft.windows.common-controls_6595b64144ccf1df_6.0.9600.18006_none_623f33d3ecbe86e8\COMCTL32.dll
0x0000000073cb0000 - 0x0000000073d82000 	C:\Program Files\Java\jdk1.8.0_101\jre\bin\msvcr100.dll
0x0000000073410000 - 0x0000000073caa000 	C:\Program Files\Java\jdk1.8.0_101\jre\bin\server\jvm.dll
0x00007ffae8910000 - 0x00007ffae8919000 	C:\windows\SYSTEM32\WSOCK32.dll
0x00007ffaef340000 - 0x00007ffaef362000 	C:\windows\SYSTEM32\WINMM.dll
0x00007ffaed220000 - 0x00007ffaed22a000 	C:\windows\SYSTEM32\VERSION.dll
0x00007ffaf0170000 - 0x00007ffaf0177000 	C:\windows\system32\PSAPI.DLL
0x00007ffaefe50000 - 0x00007ffaefeaa000 	C:\windows\system32\WS2_32.dll
0x00007ffaead80000 - 0x00007ffaeadaa000 	C:\windows\SYSTEM32\WINMMBASE.dll
0x00007ffaf2090000 - 0x00007ffaf2099000 	C:\windows\system32\NSI.dll
0x00007ffaefad0000 - 0x00007ffaefb1f000 	C:\windows\SYSTEM32\cfgmgr32.dll
0x00007ffaee2c0000 - 0x00007ffaee2e8000 	C:\windows\SYSTEM32\DEVOBJ.dll
0x0000000073400000 - 0x000000007340f000 	C:\Program Files\Java\jdk1.8.0_101\jre\bin\verify.dll
0x00000000733d0000 - 0x00000000733f9000 	C:\Program Files\Java\jdk1.8.0_101\jre\bin\java.dll
0x00000000733b0000 - 0x00000000733c6000 	C:\Program Files\Java\jdk1.8.0_101\jre\bin\zip.dll

VM Arguments:
jvm_args: -Djava.awt.headless=true -Xmx26g -Dfile.encoding=windows-1252 -Duser.country=US -Duser.language=en -Duser.variant 
java_command: com.android.dx.command.Main --dex --force-jumbo --num-threads=4 --multi-dex --output C:\Users\ridwan\Documents\AndroidStudioProjects\Matimatrix\app\build\intermediates\transforms\dex\debug\folders\1000\5\slice_4 C:\Users\ridwan\Documents\AndroidStudioProjects\Matimatrix\app\build\intermediates\transforms\instantRunSlicer\debug\folders\1\5\slice_4
java_class_path (initial): C:\Users\ridwan\AppData\Local\Android\sdk\build-tools\25.0.1\lib\dx.jar
Launcher Type: SUN_STANDARD

Environment Variables:
PATH=C:\ProgramData\Oracle\Java\javapath;C:\windows\system32;C:\windows;C:\windows\System32\Wbem;C:\windows\System32\WindowsPowerShell\v1.0\;C:\Program Files (x86)\ATI Technologies\ATI.ACE\Core-Static
USERNAME=ridwan
OS=Windows_NT
PROCESSOR_IDENTIFIER=AMD64 Family 21 Model 96 Stepping 1, AuthenticAMD



---------------  S Y S T E M  ---------------

OS: Windows 8.1 , 64 bit Build 9600 (6.3.9600.17415)

CPU:total 4 (4 cores per cpu, 1 threads per core) family 21 model 96 stepping 1, cmov, cx8, fxsr, mmx, sse, sse2, sse3, ssse3, sse4.1, sse4.2, popcnt, avx, avx2, aes, clmul, mmxext, 3dnowpref, lzcnt, sse4a, tsc, tscinvbit, tscinv, bmi1

Memory: 4k page, physical 7807124k(2311892k free), swap 10072108k(6100k free)

vm_info: Java HotSpot(TM) 64-Bit Server VM (25.101-b13) for windows-amd64 JRE (1.8.0_101-b13), built on Jun 22 2016 01:21:29 by "java_re" with MS VC++ 10.0 (VS2010)

time: Fri Jan 13 17:42:18 2017
elapsed time: 2 seconds (0d 0h 0m 2s)

